#! /c/iverilog/bin/vvp
:ivl_version "0.9.7 " "(v0_9_7)";
:vpi_time_precision + 0;
:vpi_module "system";
:vpi_module "v2005_math";
:vpi_module "va_math";
S_02B236F8 .scope module, "tb_divider" "tb_divider" 2 839;
 .timescale 0 0;
v02B314E8_0 .var "A", 31 0;
v02B31178_0 .var "B", 31 0;
v02B316A0_0 .net "D", 31 0, L_02B31AA8; 1 drivers
v02B312D8_0 .net "R", 31 0, L_02B31878; 1 drivers
v02B31490_0 .var "clock", 0 0;
v02B31648_0 .net "err", 0 0, L_02B59698; 1 drivers
v02B595E8_0 .net "ok", 0 0, L_02B31920; 1 drivers
v02B58FB8_0 .var "reset", 0 0;
v02B59538_0 .var "start", 0 0;
S_02B23780 .scope module, "uut" "Divide" 2 852, 2 778, S_02B236F8;
 .timescale 0 0;
L_02B31AA8 .functor BUFZ 32, v02B310C8_0, C4<00000000000000000000000000000000>, C4<00000000000000000000000000000000>, C4<00000000000000000000000000000000>;
L_02B31878 .functor BUFZ 32, v02B31228_0, C4<00000000000000000000000000000000>, C4<00000000000000000000000000000000>, C4<00000000000000000000000000000000>;
L_02B31920 .functor NOT 1, v02B31280_0, C4<0>, C4<0>, C4<0>;
v0083B0E0_0 .net "A", 31 0, v02B314E8_0; 1 drivers
v00833610_0 .net "B", 31 0, v02B31178_0; 1 drivers
v00833668_0 .alias "D", 31 0, v02B316A0_0;
v008336C0_0 .alias "R", 31 0, v02B312D8_0;
v0083BA10_0 .net *"_s1", 30 0, L_02B59278; 1 drivers
v0083BA68_0 .net *"_s10", 32 0, L_02B591C8; 1 drivers
v02B317A8_0 .net *"_s13", 0 0, C4<0>; 1 drivers
v02B31598_0 .net *"_s3", 0 0, L_02B592D0; 1 drivers
v02B311D0_0 .net *"_s4", 31 0, L_02B58CF8; 1 drivers
v02B316F8_0 .net *"_s6", 32 0, L_02B593D8; 1 drivers
v02B31438_0 .net *"_s9", 0 0, C4<0>; 1 drivers
v02B31280_0 .var "active", 0 0;
v02B31750_0 .net "clk", 0 0, v02B31490_0; 1 drivers
v02B31540_0 .var "cycle", 4 0;
v02B31070_0 .var "denom", 31 0;
v02B313E0_0 .alias "err", 0 0, v02B31648_0;
v02B31388_0 .alias "ok", 0 0, v02B595E8_0;
v02B315F0_0 .net "reset", 0 0, v02B58FB8_0; 1 drivers
v02B310C8_0 .var "result", 31 0;
v02B31330_0 .net "start", 0 0, v02B59538_0; 1 drivers
v02B31120_0 .net "sub", 32 0, L_02B58F08; 1 drivers
v02B31228_0 .var "work", 31 0;
E_0083B638 .event posedge, v02B315F0_0, v02B31750_0;
L_02B59278 .part v02B31228_0, 0, 31;
L_02B592D0 .part v02B310C8_0, 31, 1;
L_02B58CF8 .concat [ 1 31 0 0], L_02B592D0, L_02B59278;
L_02B593D8 .concat [ 32 1 0 0], L_02B58CF8, C4<0>;
L_02B591C8 .concat [ 32 1 0 0], v02B31070_0, C4<0>;
L_02B58F08 .arith/sub 33, L_02B593D8, L_02B591C8;
L_02B59698 .reduce/nor v02B31178_0;
    .scope S_02B23780;
T_0 ;
    %wait E_0083B638;
    %load/v 8, v02B315F0_0, 1;
    %jmp/0xz  T_0.0, 8;
    %ix/load 0, 1, 0;
    %assign/v0 v02B31280_0, 0, 0;
    %ix/load 0, 5, 0;
    %assign/v0 v02B31540_0, 0, 0;
    %ix/load 0, 32, 0;
    %assign/v0 v02B310C8_0, 0, 0;
    %ix/load 0, 32, 0;
    %assign/v0 v02B31070_0, 0, 0;
    %ix/load 0, 32, 0;
    %assign/v0 v02B31228_0, 0, 0;
    %jmp T_0.1;
T_0.0 ;
    %load/v 8, v02B31330_0, 1;
    %jmp/0xz  T_0.2, 8;
    %load/v 8, v02B31280_0, 1;
    %jmp/0xz  T_0.4, 8;
    %ix/load 1, 32, 0;
    %mov 4, 0, 1;
    %jmp/1 T_0.6, 4;
    %load/x1p 10, v02B31120_0, 1;
    %jmp T_0.7;
T_0.6 ;
    %mov 10, 2, 1;
T_0.7 ;
    %mov 8, 10, 1; Move signal select into place
    %mov 9, 0, 1;
    %cmpi/u 8, 0, 2;
    %jmp/0xz  T_0.8, 4;
    %load/v 8, v02B31120_0, 32; Only need 32 of 33 bits
; Save base=8 wid=32 in lookaside.
    %ix/load 0, 32, 0;
    %assign/v0 v02B31228_0, 0, 8;
    %mov 8, 1, 1;
    %load/v 9, v02B310C8_0, 31; Select 31 out of 32 bits
    %ix/load 0, 32, 0;
    %assign/v0 v02B310C8_0, 0, 8;
    %jmp T_0.9;
T_0.8 ;
    %ix/load 1, 31, 0;
    %mov 4, 0, 1;
    %jmp/1 T_0.10, 4;
    %load/x1p 40, v02B310C8_0, 1;
    %jmp T_0.11;
T_0.10 ;
    %mov 40, 2, 1;
T_0.11 ;
    %mov 8, 40, 1; Move signal select into place
    %load/v 9, v02B31228_0, 31; Select 31 out of 32 bits
    %ix/load 0, 32, 0;
    %assign/v0 v02B31228_0, 0, 8;
    %mov 8, 0, 1;
    %load/v 9, v02B310C8_0, 31; Select 31 out of 32 bits
    %ix/load 0, 32, 0;
    %assign/v0 v02B310C8_0, 0, 8;
T_0.9 ;
    %load/v 8, v02B31540_0, 5;
    %mov 13, 0, 1;
    %cmpi/u 8, 0, 6;
    %jmp/0xz  T_0.12, 4;
    %ix/load 0, 1, 0;
    %assign/v0 v02B31280_0, 0, 0;
T_0.12 ;
    %load/v 8, v02B31540_0, 5;
    %subi 8, 1, 5;
    %ix/load 0, 5, 0;
    %assign/v0 v02B31540_0, 0, 8;
    %jmp T_0.5;
T_0.4 ;
    %ix/load 0, 5, 0;
    %assign/v0 v02B31540_0, 0, 1;
    %load/v 8, v0083B0E0_0, 32;
    %ix/load 0, 32, 0;
    %assign/v0 v02B310C8_0, 0, 8;
    %load/v 8, v00833610_0, 32;
    %ix/load 0, 32, 0;
    %assign/v0 v02B31070_0, 0, 8;
    %ix/load 0, 32, 0;
    %assign/v0 v02B31228_0, 0, 0;
    %ix/load 0, 1, 0;
    %assign/v0 v02B31280_0, 0, 1;
T_0.5 ;
T_0.2 ;
T_0.1 ;
    %jmp T_0;
    .thread T_0;
    .scope S_02B236F8;
T_1 ;
    %set/v v02B31490_0, 0, 1;
T_1.0 ;
    %delay 50, 0;
    %load/v 8, v02B31490_0, 1;
    %inv 8, 1;
    %set/v v02B31490_0, 8, 1;
    %jmp T_1.0;
    %end;
    .thread T_1;
    .scope S_02B236F8;
T_2 ;
    %set/v v02B59538_0, 0, 1;
    %movi 8, 1023, 32;
    %set/v v02B314E8_0, 8, 32;
    %movi 8, 50, 32;
    %set/v v02B31178_0, 8, 32;
    %set/v v02B58FB8_0, 1, 1;
    %delay 1000, 0;
    %set/v v02B58FB8_0, 0, 1;
    %set/v v02B59538_0, 1, 1;
    %delay 5000, 0;
    %vpi_call 2 878 "$finish";
    %end;
    .thread T_2;
# The file index is used to find the file name in the following table.
:file_names 3;
    "N/A";
    "<interactive>";
    "divider.v";
